<?xml version="1.0" encoding="UTF-8"?>
<!-- Generated by org.testng.reporters.JUnitXMLReporter -->
<testsuite hostname="DESKTOP-CLP44QM" ignored="0" name="Test" tests="2" failures="2" timestamp="22 Jan 2022 15:42:53 GMT" time="8.062" errors="0">
  <testcase name="LogintoApplication" time="0.009" classname="com.Appmaker.TestCases.CRM_Template">
    <failure type="java.lang.NoSuchMethodError" message="org.openqa.selenium.support.PageFactory.initElements(Lorg/openqa/selenium/SearchContext;Ljava/lang/Class;)Ljava/lang/Object;">
      <![CDATA[java.lang.NoSuchMethodError: org.openqa.selenium.support.PageFactory.initElements(Lorg/openqa/selenium/SearchContext;Ljava/lang/Class;)Ljava/lang/Object;
at com.Appmaker.TestCases.CRM_Template.LogintoApplication(CRM_Template.java:20)
... Removed 25 stack frames]]>
    </failure>
  </testcase> <!-- LogintoApplication -->
  <testcase name="createNewCRMapp" time="0.002" classname="com.Appmaker.TestCases.CRM_Template">
    <failure type="java.lang.NoSuchMethodError" message="org.openqa.selenium.support.PageFactory.initElements(Lorg/openqa/selenium/SearchContext;Ljava/lang/Class;)Ljava/lang/Object;">
      <![CDATA[java.lang.NoSuchMethodError: org.openqa.selenium.support.PageFactory.initElements(Lorg/openqa/selenium/SearchContext;Ljava/lang/Class;)Ljava/lang/Object;
at com.Appmaker.TestCases.CRM_Template.createNewCRMapp(CRM_Template.java:52)
... Removed 25 stack frames]]>
    </failure>
  </testcase> <!-- createNewCRMapp -->
</testsuite> <!-- Test -->
